================================================================================
MCTS TRACE LOG - Network & Search Interaction
================================================================================


--- Network Prediction ---
State: Move 0
Value Prediction: -0.3922
Top-5 Policy Moves:
  (np.int64(0), np.int64(3), np.int64(1)): 0.1485
  (np.int64(3), np.int64(1), np.int64(1)): 0.0516
  (np.int64(0), np.int64(1), np.int64(0)): 0.0439
  (np.int64(0), np.int64(3), np.int64(3)): 0.0435
  (np.int64(1), np.int64(0), np.int64(2)): 0.0374

--- MCTS Search (420 simulations) ---

--- MCTS Results ---
Root Value (avg): 0.0560
Root Visits: 216
Final Policy (top-5 by visits):
  Move(x=np.int64(0), y=np.int64(3), piece_type=<PieceType.ORTHO: 1>): visits=86, Q=0.1621
  Move(x=np.int64(3), y=np.int64(0), piece_type=<PieceType.ORTHO: 1>): visits=39, Q=0.1790
  Move(x=np.int64(0), y=np.int64(1), piece_type=<PieceType.DIAG: 0>): visits=6, Q=-0.0259
  Move(x=np.int64(1), y=np.int64(3), piece_type=<PieceType.FAR: 3>): visits=6, Q=0.0843
  Move(x=np.int64(3), y=np.int64(1), piece_type=<PieceType.ORTHO: 1>): visits=6, Q=0.2520
Chosen Move: Move(x=np.int64(1), y=np.int64(0), piece_type=<PieceType.FAR: 3>)

--- Network Prediction ---
State: Move 1
Value Prediction: -0.4403
Top-5 Policy Moves:
  (np.int64(2), np.int64(2), np.int64(3)): 0.1005
  (np.int64(3), np.int64(0), np.int64(3)): 0.0712
  (np.int64(3), np.int64(1), np.int64(3)): 0.0584
  (np.int64(0), np.int64(3), np.int64(1)): 0.0520
  (np.int64(3), np.int64(1), np.int64(1)): 0.0487

--- MCTS Search (420 simulations) ---

--- MCTS Results ---
Root Value (avg): -0.0431
Root Visits: 216
Final Policy (top-5 by visits):
  Move(x=np.int64(2), y=np.int64(2), piece_type=<PieceType.FAR: 3>): visits=124, Q=0.0997
  Move(x=np.int64(0), y=np.int64(3), piece_type=<PieceType.ORTHO: 1>): visits=20, Q=0.0023
  Move(x=np.int64(3), y=np.int64(1), piece_type=<PieceType.DIAG: 0>): visits=11, Q=0.0237
  Move(x=np.int64(2), y=np.int64(2), piece_type=<PieceType.DIAG: 0>): visits=6, Q=-0.0574
  Move(x=np.int64(1), y=np.int64(3), piece_type=<PieceType.FAR: 3>): visits=5, Q=-0.1382
Chosen Move: Move(x=np.int64(2), y=np.int64(2), piece_type=<PieceType.FAR: 3>)

--- Network Prediction ---
State: Move 2
Value Prediction: -0.7488
Top-5 Policy Moves:
  (np.int64(0), np.int64(3), np.int64(3)): 0.1291
  (np.int64(0), np.int64(3), np.int64(1)): 0.1167
  (np.int64(0), np.int64(2), np.int64(1)): 0.0547
  (np.int64(0), np.int64(1), np.int64(3)): 0.0509
  (np.int64(0), np.int64(0), np.int64(1)): 0.0496

--- MCTS Search (420 simulations) ---

--- MCTS Results ---
Root Value (avg): -0.0564
Root Visits: 256
Final Policy (top-5 by visits):
  Move(x=np.int64(0), y=np.int64(0), piece_type=<PieceType.DIAG: 0>): visits=110, Q=0.0683
  Move(x=np.int64(0), y=np.int64(3), piece_type=<PieceType.ORTHO: 1>): visits=48, Q=-0.0536
  Move(x=np.int64(0), y=np.int64(3), piece_type=<PieceType.FAR: 3>): visits=32, Q=-0.0845
  Move(x=np.int64(0), y=np.int64(2), piece_type=<PieceType.ORTHO: 1>): visits=15, Q=-0.0697
  Move(x=np.int64(0), y=np.int64(2), piece_type=<PieceType.DIAG: 0>): visits=7, Q=-0.0988
Chosen Move: Move(x=np.int64(0), y=np.int64(0), piece_type=<PieceType.DIAG: 0>)

--- Network Prediction ---
State: Move 3
Value Prediction: -0.1029
Top-5 Policy Moves:
  (np.int64(3), np.int64(3), np.int64(1)): 0.2145
  (np.int64(1), np.int64(1), np.int64(2)): 0.1798
  (np.int64(1), np.int64(1), np.int64(0)): 0.1767
  (np.int64(3), np.int64(3), np.int64(2)): 0.1761
  (np.int64(3), np.int64(3), np.int64(3)): 0.0873

--- MCTS Search (420 simulations) ---

--- MCTS Results ---
Root Value (avg): -0.1466
Root Visits: 276
Final Policy (top-5 by visits):
  Move(x=np.int64(3), y=np.int64(3), piece_type=<PieceType.NEAR: 2>): visits=115, Q=-0.0866
  Move(x=np.int64(1), y=np.int64(1), piece_type=<PieceType.NEAR: 2>): visits=55, Q=-0.1396
  Move(x=np.int64(3), y=np.int64(3), piece_type=<PieceType.ORTHO: 1>): visits=39, Q=-0.1844
  Move(x=np.int64(1), y=np.int64(1), piece_type=<PieceType.DIAG: 0>): visits=26, Q=-0.2524
  Move(x=np.int64(3), y=np.int64(3), piece_type=<PieceType.DIAG: 0>): visits=22, Q=-0.1466
Chosen Move: Move(x=np.int64(3), y=np.int64(3), piece_type=<PieceType.NEAR: 2>)

--- Network Prediction ---
State: Move 4
Value Prediction: -0.4189
Top-5 Policy Moves:
  (np.int64(2), np.int64(3), np.int64(3)): 0.1580
  (np.int64(2), np.int64(3), np.int64(1)): 0.1571
  (np.int64(3), np.int64(2), np.int64(0)): 0.1365
  (np.int64(3), np.int64(2), np.int64(3)): 0.1358
  (np.int64(3), np.int64(2), np.int64(1)): 0.1196

--- MCTS Search (420 simulations) ---

--- MCTS Results ---
Root Value (avg): 0.1151
Root Visits: 216
Final Policy (top-5 by visits):
  Move(x=np.int64(3), y=np.int64(2), piece_type=<PieceType.FAR: 3>): visits=102, Q=0.1787
  Move(x=np.int64(3), y=np.int64(2), piece_type=<PieceType.ORTHO: 1>): visits=61, Q=0.1767
  Move(x=np.int64(2), y=np.int64(3), piece_type=<PieceType.DIAG: 0>): visits=12, Q=-0.0174
  Move(x=np.int64(2), y=np.int64(3), piece_type=<PieceType.NEAR: 2>): visits=12, Q=0.0340
  Move(x=np.int64(3), y=np.int64(2), piece_type=<PieceType.NEAR: 2>): visits=9, Q=0.0231
Chosen Move: Move(x=np.int64(3), y=np.int64(2), piece_type=<PieceType.ORTHO: 1>)

--- Network Prediction ---
State: Move 5
Value Prediction: -0.6149
Top-5 Policy Moves:
  (np.int64(3), np.int64(1), np.int64(3)): 0.1351
  (np.int64(3), np.int64(0), np.int64(1)): 0.1226
  (np.int64(1), np.int64(2), np.int64(3)): 0.1163
  (np.int64(1), np.int64(2), np.int64(1)): 0.0936
  (np.int64(3), np.int64(0), np.int64(3)): 0.0766

--- MCTS Search (420 simulations) ---

--- MCTS Results ---
Root Value (avg): -0.1525
Root Visits: 216
Final Policy (top-5 by visits):
  Move(x=np.int64(1), y=np.int64(2), piece_type=<PieceType.FAR: 3>): visits=108, Q=-0.0676
  Move(x=np.int64(1), y=np.int64(2), piece_type=<PieceType.ORTHO: 1>): visits=41, Q=-0.1038
  Move(x=np.int64(0), y=np.int64(2), piece_type=<PieceType.FAR: 3>): visits=22, Q=-0.1008
  Move(x=np.int64(3), y=np.int64(0), piece_type=<PieceType.NEAR: 2>): visits=8, Q=-0.2270
  Move(x=np.int64(3), y=np.int64(1), piece_type=<PieceType.DIAG: 0>): visits=7, Q=-0.2572
Chosen Move: Move(x=np.int64(1), y=np.int64(2), piece_type=<PieceType.FAR: 3>)

--- Network Prediction ---
State: Move 6
Value Prediction: -0.4901
Top-5 Policy Moves:
  (np.int64(3), np.int64(1), np.int64(3)): 0.1560
  (np.int64(3), np.int64(0), np.int64(1)): 0.1465
  (np.int64(3), np.int64(0), np.int64(0)): 0.1106
  (np.int64(2), np.int64(0), np.int64(2)): 0.1063
  (np.int64(3), np.int64(1), np.int64(0)): 0.0832

--- MCTS Search (420 simulations) ---

--- MCTS Results ---
Root Value (avg): 0.1163
Root Visits: 216
Final Policy (top-5 by visits):
  Move(x=np.int64(3), y=np.int64(1), piece_type=<PieceType.DIAG: 0>): visits=152, Q=0.2031
  Move(x=np.int64(3), y=np.int64(1), piece_type=<PieceType.FAR: 3>): visits=17, Q=0.0009
  Move(x=np.int64(3), y=np.int64(0), piece_type=<PieceType.ORTHO: 1>): visits=9, Q=-0.1296
  Move(x=np.int64(3), y=np.int64(0), piece_type=<PieceType.FAR: 3>): visits=6, Q=0.0257
  Move(x=np.int64(2), y=np.int64(0), piece_type=<PieceType.ORTHO: 1>): visits=5, Q=-0.1037
Chosen Move: Move(x=np.int64(3), y=np.int64(1), piece_type=<PieceType.DIAG: 0>)

--- Network Prediction ---
State: Move 7
Value Prediction: -0.5174
Top-5 Policy Moves:
  (np.int64(2), np.int64(0), np.int64(0)): 0.4593
  (np.int64(2), np.int64(0), np.int64(2)): 0.1481
  (np.int64(1), np.int64(3), np.int64(1)): 0.1230
  (np.int64(2), np.int64(0), np.int64(1)): 0.1179
  (np.int64(1), np.int64(3), np.int64(0)): 0.1081

--- MCTS Search (420 simulations) ---

--- MCTS Results ---
Root Value (avg): -0.1587
Root Visits: 216
Final Policy (top-5 by visits):
  Move(x=np.int64(2), y=np.int64(0), piece_type=<PieceType.DIAG: 0>): visits=138, Q=-0.1410
  Move(x=np.int64(1), y=np.int64(3), piece_type=<PieceType.DIAG: 0>): visits=33, Q=-0.0634
  Move(x=np.int64(2), y=np.int64(0), piece_type=<PieceType.ORTHO: 1>): visits=19, Q=-0.2034
  Move(x=np.int64(1), y=np.int64(3), piece_type=<PieceType.ORTHO: 1>): visits=14, Q=-0.2727
  Move(x=np.int64(2), y=np.int64(0), piece_type=<PieceType.NEAR: 2>): visits=9, Q=-0.4187
Chosen Move: Move(x=np.int64(1), y=np.int64(3), piece_type=<PieceType.DIAG: 0>)

--- Network Prediction ---
State: Move 8
Value Prediction: -0.2377
Top-5 Policy Moves:
  (np.int64(0), np.int64(2), np.int64(2)): 0.8804
  (np.int64(0), np.int64(2), np.int64(1)): 0.0807
  (np.int64(0), np.int64(2), np.int64(3)): 0.0389

--- MCTS Search (420 simulations) ---

--- MCTS Results ---
Root Value (avg): 0.0409
Root Visits: 216
Final Policy (top-5 by visits):
  Move(x=np.int64(0), y=np.int64(2), piece_type=<PieceType.NEAR: 2>): visits=119, Q=-0.0253
  Move(x=np.int64(0), y=np.int64(2), piece_type=<PieceType.ORTHO: 1>): visits=85, Q=0.1338
  Move(x=np.int64(0), y=np.int64(2), piece_type=<PieceType.FAR: 3>): visits=12, Q=0.0393
Chosen Move: Move(x=np.int64(0), y=np.int64(2), piece_type=<PieceType.ORTHO: 1>)

--- Network Prediction ---
State: Move 9
Value Prediction: -0.3792
Top-5 Policy Moves:
  (np.int64(0), np.int64(1), np.int64(2)): 0.5993
  (np.int64(0), np.int64(3), np.int64(1)): 0.2269
  (np.int64(0), np.int64(3), np.int64(2)): 0.1220
  (np.int64(0), np.int64(1), np.int64(0)): 0.0278
  (np.int64(0), np.int64(3), np.int64(0)): 0.0179

--- MCTS Search (420 simulations) ---

--- MCTS Results ---
Root Value (avg): -0.0402
Root Visits: 216
Final Policy (top-5 by visits):
  Move(x=np.int64(0), y=np.int64(1), piece_type=<PieceType.NEAR: 2>): visits=140, Q=-0.0220
  Move(x=np.int64(0), y=np.int64(3), piece_type=<PieceType.NEAR: 2>): visits=55, Q=0.0002
  Move(x=np.int64(0), y=np.int64(3), piece_type=<PieceType.ORTHO: 1>): visits=18, Q=-0.2040
  Move(x=np.int64(0), y=np.int64(1), piece_type=<PieceType.DIAG: 0>): visits=1, Q=-0.7812
  Move(x=np.int64(0), y=np.int64(1), piece_type=<PieceType.ORTHO: 1>): visits=1, Q=-0.6580
Chosen Move: Move(x=np.int64(0), y=np.int64(3), piece_type=<PieceType.NEAR: 2>)

--- Network Prediction ---
State: Move 10
Value Prediction: -0.5239
Top-5 Policy Moves:
  (np.int64(2), np.int64(1), np.int64(1)): 0.3086
  (np.int64(2), np.int64(0), np.int64(0)): 0.1407
  (np.int64(0), np.int64(1), np.int64(0)): 0.1070
  (np.int64(1), np.int64(1), np.int64(1)): 0.0978
  (np.int64(3), np.int64(0), np.int64(1)): 0.0852

--- MCTS Search (420 simulations) ---

--- MCTS Results ---
Root Value (avg): 0.1975
Root Visits: 216
Final Policy (top-5 by visits):
  Move(x=np.int64(1), y=np.int64(1), piece_type=<PieceType.DIAG: 0>): visits=170, Q=0.2869
  Move(x=np.int64(2), y=np.int64(1), piece_type=<PieceType.ORTHO: 1>): visits=27, Q=0.0302
  Move(x=np.int64(2), y=np.int64(0), piece_type=<PieceType.DIAG: 0>): visits=5, Q=-0.2928
  Move(x=np.int64(2), y=np.int64(0), piece_type=<PieceType.ORTHO: 1>): visits=4, Q=-0.1518
  Move(x=np.int64(3), y=np.int64(0), piece_type=<PieceType.ORTHO: 1>): visits=3, Q=-0.3983
Chosen Move: Move(x=np.int64(1), y=np.int64(1), piece_type=<PieceType.DIAG: 0>)

--- Network Prediction ---
State: Move 11
Value Prediction: -0.5287
Top-5 Policy Moves:
  (np.int64(2), np.int64(0), np.int64(2)): 0.9062
  (np.int64(2), np.int64(0), np.int64(3)): 0.0938

--- MCTS Search (420 simulations) ---

--- MCTS Results ---
Root Value (avg): -0.2769
Root Visits: 216
Final Policy (top-5 by visits):
  Move(x=np.int64(2), y=np.int64(0), piece_type=<PieceType.FAR: 3>): visits=162, Q=-0.1885
  Move(x=np.int64(2), y=np.int64(0), piece_type=<PieceType.NEAR: 2>): visits=54, Q=-0.5419
Chosen Move: Move(x=np.int64(2), y=np.int64(0), piece_type=<PieceType.FAR: 3>)

--- Network Prediction ---
State: Move 12
Value Prediction: -0.0670
Top-5 Policy Moves:
  (np.int64(0), np.int64(1), np.int64(1)): 0.6408
  (np.int64(2), np.int64(3), np.int64(1)): 0.3592

--- MCTS Search (420 simulations) ---

--- MCTS Results ---
Root Value (avg): 0.1926
Root Visits: 216
Final Policy (top-5 by visits):
  Move(x=np.int64(0), y=np.int64(1), piece_type=<PieceType.ORTHO: 1>): visits=130, Q=0.1932
  Move(x=np.int64(2), y=np.int64(3), piece_type=<PieceType.ORTHO: 1>): visits=86, Q=0.1918
Chosen Move: Move(x=np.int64(0), y=np.int64(1), piece_type=<PieceType.ORTHO: 1>)

--- Network Prediction ---
State: Move 13
Value Prediction: 0.1209
Top-5 Policy Moves:
  (np.int64(2), np.int64(1), np.int64(2)): 1.0000

--- MCTS Search (420 simulations) ---

--- MCTS Results ---
Root Value (avg): -0.1974
Root Visits: 216
Final Policy (top-5 by visits):
  Move(x=np.int64(2), y=np.int64(1), piece_type=<PieceType.NEAR: 2>): visits=216, Q=-0.1974
Chosen Move: Move(x=np.int64(2), y=np.int64(1), piece_type=<PieceType.NEAR: 2>)

--- Network Prediction ---
State: Move 14
Value Prediction: -0.3648
Top-5 Policy Moves:
  (np.int64(3), np.int64(0), np.int64(1)): 1.0000

--- MCTS Search (420 simulations) ---

--- MCTS Results ---
Root Value (avg): 0.2000
Root Visits: 216
Final Policy (top-5 by visits):
  Move(x=np.int64(3), y=np.int64(0), piece_type=<PieceType.ORTHO: 1>): visits=216, Q=0.2000
Chosen Move: Move(x=np.int64(3), y=np.int64(0), piece_type=<PieceType.ORTHO: 1>)

============================================================
GAME END
============================================================
Winner: Player.TWO
Scores: P1:2 P2:3
Total Moves: 15
